Event created. Waiting for worker pod named "brigade-worker-01e6kz9fe36jx7238efvnv1rxb".
Build: 01e6kz9fe36jx7238efvnv1rxb, Worker: brigade-worker-01e6kz9fe36jx7238efvnv1rxb
prestart: no dependencies file found
[brigade] brigade-worker version: 1.2.1
[brigade:k8s] Creating PVC named brigade-worker-01e6kz9fe36jx7238efvnv1rxb
[brigade:k8s] Jashwan message ***** Creating PVC named brigade-worker-01e6kz9fe36jx7238efvnv1rxb
jashwant list pods*****
********creating new runner pod
runner pod imageForcePull  IfNotPresent
[ '45', ' 8' ] '45' ' 8'
 = Job arrival time is  1587660777.463   asr   asr-01e6kz9fe36jx7238efvnv1rxb
Connected correctly to server
1 job stats document inserted
container count is  3
Successfully found document  asr-01e6kz49v2tdgtnj81rb3jfyky
1 container updated  1587660769.384 asr-01e6kz49v2tdgtnj81rb3jfyky true 6 5 false
imagePullPolicy is Never  false
[brigade:k8s] all completed  false 3 [ 'echo hello', 'sleep 0.045', 'sleep 0.135' ]
Creating secret asr-01e6kz9fe36jx7238efvnv1rxb
Creating pod asr-01e6kz9fe36jx7238efvnv1rxb  3   45 [ 'echo hello', 'sleep 0.045', 'sleep 0.135' ]
[brigade:k8s] Timeout set at 900000 milliseconds
[brigade:k8s] Pod not yet scheduled
[brigade:k8s] default/asr-01e6kz9fe36jx7238efvnv1rxb phase Succeeded
Connected correctly to server
{ _id: 5ea1c738423e1c001fcc3a3b,
  lastUsedTime: 1587660767.053,
  ID: 'asr-01e6kz49v2tdgtnj81rb3jfyky',
  type: 'asr',
  idle: 'true',
  batchsize: 5 }
queue length is  asr 6 5 8
updating the batchsize
updated result is true asr-01e6kz49v2tdgtnj81rb3jfyky 5
[brigade:k8s] all completed  true
********creating new runner pod
runner pod imageForcePull  IfNotPresent
[ '10', ' 8' ] '10' ' 8'
 = Job arrival time is  1587660781.55   nlp   nlp-01e6kz9fe36jx7238efvnv1rxb
Connected correctly to server
1 job stats document inserted
container count is  3
Successfully found document  nlp-01e6kz49wcapw4pc70yrh84557
1 container updated  1587660775.441 nlp-01e6kz49wcapw4pc70yrh84557 true 7 6 false
imagePullPolicy is Never  false
[brigade:k8s] all completed  false 2 [ 'echo goodbye', 'sleep 0.01', 'sleep 0.02' ]
Creating secret nlp-01e6kz9fe36jx7238efvnv1rxb
Creating pod nlp-01e6kz9fe36jx7238efvnv1rxb  2   10 [ 'echo goodbye', 'sleep 0.01', 'sleep 0.02' ]
[brigade:k8s] Timeout set at 900000 milliseconds
[brigade:k8s] Pod not yet scheduled
[brigade:k8s] default/nlp-01e6kz9fe36jx7238efvnv1rxb phase Pending
[brigade:k8s] default/nlp-01e6kz9fe36jx7238efvnv1rxb phase Succeeded
Connected correctly to server
{ _id: 5ea1c73f4da321001f7af64a,
  lastUsedTime: 1587660773.104,
  ID: 'nlp-01e6kz49wcapw4pc70yrh84557',
  type: 'nlp',
  idle: 'true',
  batchsize: 5 }
queue length is  nlp 6 5 8
updating the batchsize
updated result is true nlp-01e6kz49wcapw4pc70yrh84557 5
[brigade:k8s] all completed  true
********creating new runner pod
runner pod imageForcePull  IfNotPresent
[ '56', ' 8' ] '56' ' 8'
 = Job arrival time is  1587660787.598   qa   qa-01e6kz9fe36jx7238efvnv1rxb
Connected correctly to server
1 job stats document inserted
container count is  3
Successfully found document  qa-01e6kz49wszhtcc864vjxnzf8q
1 container updated  1587660782.718 qa-01e6kz49wszhtcc864vjxnzf8q true 6 5 false
imagePullPolicy is Never  false
[brigade:k8s] all completed  false 3 [ 'echo hello again', 'sleep 0.056', 'sleep 0.168' ]
Creating secret qa-01e6kz9fe36jx7238efvnv1rxb
Creating pod qa-01e6kz9fe36jx7238efvnv1rxb  3   56 [ 'echo hello again', 'sleep 0.056', 'sleep 0.168' ]
[brigade:k8s] Timeout set at 900000 milliseconds
[brigade:k8s] Pod not yet scheduled
[brigade:k8s] default/qa-01e6kz9fe36jx7238efvnv1rxb phase Pending
[brigade:k8s] default/qa-01e6kz9fe36jx7238efvnv1rxb phase Succeeded
Connected correctly to server
{ _id: 5ea1c74acc29ec001fc782bd,
  lastUsedTime: 1587660789.496,
  ID: 'qa-01e6kz49wszhtcc864vjxnzf8q',
  type: 'qa',
  idle: 'true',
  batchsize: 5 }
queue length is  qa 6 5 8
updating the batchsize
updated result is true qa-01e6kz49wszhtcc864vjxnzf8q 5
[brigade:k8s] all completed  true
done
[brigade:app] after: default event handler fired
[brigade:app] beforeExit(2): destroying storage
