Event created. Waiting for worker pod named "brigade-worker-01e6kzb7j17nart0epb135zd36".
Build: 01e6kzb7j17nart0epb135zd36, Worker: brigade-worker-01e6kzb7j17nart0epb135zd36
prestart: no dependencies file found
[brigade] brigade-worker version: 1.2.1
[brigade:k8s] Creating PVC named brigade-worker-01e6kzb7j17nart0epb135zd36
[brigade:k8s] Jashwan message ***** Creating PVC named brigade-worker-01e6kzb7j17nart0epb135zd36
********creating new runner pod
runner pod imageForcePull  IfNotPresent
[ '45', ' 8' ] '45' ' 8'
 = Job arrival time is  1587660825.996   asr   asr-01e6kzb7j17nart0epb135zd36
jashwant list pods*****
Connected correctly to server
1 job stats document inserted
container count is  3
Successfully found document  asr-01e6kz49v2tdgtnj81rb3jfyky
1 container updated  1587660834.098 asr-01e6kz49v2tdgtnj81rb3jfyky true 8 7 false
imagePullPolicy is Never  false
[brigade:k8s] all completed  false 1 [ 'echo hello', 'sleep 0.045', 'sleep 0.045' ]
Creating secret asr-01e6kzb7j17nart0epb135zd36
Creating pod asr-01e6kzb7j17nart0epb135zd36  1   45 [ 'echo hello', 'sleep 0.045', 'sleep 0.045' ]
[brigade:k8s] Timeout set at 900000 milliseconds
[brigade:k8s] Pod not yet scheduled
[brigade:k8s] default/asr-01e6kzb7j17nart0epb135zd36 phase Pending
.... Pending=... Pending.=.. Pending..=. Pending...= Pending.... Pending...= Pending..=. Pending.=.. Pending=... Pending.... Pending=... Pending.=.. Pending..=. Pending...= Pending.... Pending...= Pending..=. Pending.=.. Pending=... Pending[brigade:k8s] default/asr-01e6kzb7j17nart0epb135zd36 phase Succeeded
Connected correctly to server
{ _id: 5ea1c738423e1c001fcc3a3b,
  lastUsedTime: 1587660834.098,
done         
  ID: 'asr-01e6kz49v2tdgtnj81rb3jfyky',
  type: 'asr',
  idle: 'true',
  batchsize: 7 }
queue length is  asr 8 7 8
updating the batchsize
updated result is true asr-01e6kz49v2tdgtnj81rb3jfyky 7
[brigade:k8s] all completed  true
********creating new runner pod
runner pod imageForcePull  IfNotPresent
[ '10', ' 8' ] '10' ' 8'
 = Job arrival time is  1587660836.175   nlp   nlp-01e6kzb7j17nart0epb135zd36
Connected correctly to server
1 job stats document inserted
container count is  3
Successfully found document  nlp-01e6kz49wcapw4pc70yrh84557
1 container updated  1587660821.426 nlp-01e6kz49wcapw4pc70yrh84557 true 7 6 false
imagePullPolicy is Never  false
[brigade:k8s] all completed  false 2 [ 'echo goodbye', 'sleep 0.01', 'sleep 0.02' ]
Creating secret nlp-01e6kzb7j17nart0epb135zd36
Creating pod nlp-01e6kzb7j17nart0epb135zd36  2   10 [ 'echo goodbye', 'sleep 0.01', 'sleep 0.02' ]
[brigade:k8s] Timeout set at 900000 milliseconds
[brigade:k8s] Pod not yet scheduled
[brigade:k8s] default/nlp-01e6kzb7j17nart0epb135zd36 phase Pending
[brigade:k8s] default/nlp-01e6kzb7j17nart0epb135zd36 phase Succeeded
Connected correctly to server
{ _id: 5ea1c73f4da321001f7af64a,
  lastUsedTime: 1587660850.172,
  ID: 'nlp-01e6kz49wcapw4pc70yrh84557',
  type: 'nlp',
  idle: 'true',
  batchsize: 7 }
queue length is  nlp 8 7 8
updating the batchsize
updated result is true nlp-01e6kz49wcapw4pc70yrh84557 7
[brigade:k8s] all completed  true
********creating new runner pod
runner pod imageForcePull  IfNotPresent
[ '56', ' 8' ] '56' ' 8'
 = Job arrival time is  1587660842.228   qa   qa-01e6kzb7j17nart0epb135zd36
Connected correctly to server
1 job stats document inserted
container count is  3
Successfully found document  qa-01e6kz49wszhtcc864vjxnzf8q
1 container updated  1587660849.314 qa-01e6kz49wszhtcc864vjxnzf8q true 7 6 false
imagePullPolicy is Never  false
[brigade:k8s] all completed  false 2 [ 'echo hello again', 'sleep 0.056', 'sleep 0.112' ]
Creating secret qa-01e6kzb7j17nart0epb135zd36
Creating pod qa-01e6kzb7j17nart0epb135zd36  2   56 [ 'echo hello again', 'sleep 0.056', 'sleep 0.112' ]
[brigade:k8s] Timeout set at 900000 milliseconds
[brigade:k8s] Pod not yet scheduled
[brigade:k8s] default/qa-01e6kzb7j17nart0epb135zd36 phase Pending
[brigade:k8s] default/qa-01e6kzb7j17nart0epb135zd36 phase Succeeded
Connected correctly to server
{ _id: 5ea1c74acc29ec001fc782bd,
  lastUsedTime: 1587660858.244,
  ID: 'qa-01e6kz49wszhtcc864vjxnzf8q',
  type: 'qa',
  idle: 'true',
  batchsize: 7 }
queue length is  qa 8 7 8
updating the batchsize
updated result is true qa-01e6kz49wszhtcc864vjxnzf8q 7
[brigade:k8s] all completed  true
done
[brigade:app] after: default event handler fired
[brigade:app] beforeExit(2): destroying storage
